<?xml version="1.0" encoding="utf-8"?><testsuites name="pytest tests"><testsuite name="pytest" errors="0" failures="0" skipped="0" tests="6" time="1.777" timestamp="2026-07-25T14:48:48.396114+00:00" hostname="agent-env-58ff9a95-de9d-43a1-b856-2ee4ddc56e2b"><testcase classname="backend.tests.test_painel_auto_bloqueio" name="test_painel_structure_and_situacoes" time="0.388" /><testcase classname="backend.tests.test_painel_auto_bloqueio" name="test_config_update_new_fields_and_validation" time="0.234" /><testcase classname="backend.tests.test_painel_auto_bloqueio" name="test_enviar_lembrete_tipo_validation" time="0.044" /><testcase classname="backend.tests.test_painel_auto_bloqueio" name="test_enviar_lembrete_d3_dedup" time="0.171" /><testcase classname="backend.tests.test_painel_auto_bloqueio" name="test_executar_job_d3_and_d0_endpoints" time="0.682" /><testcase classname="backend.tests.test_painel_auto_bloqueio" name="test_simular_still_excludes_future_beyond_d2" time="0.085" /></testsuite></testsuites>