<?xml version="1.0" encoding="utf-8"?><testsuites name="pytest tests"><testsuite name="pytest" errors="0" failures="0" skipped="0" tests="3" time="1.079" timestamp="2026-07-25T23:21:22.147094+00:00" hostname="agent-env-58ff9a95-de9d-43a1-b856-2ee4ddc56e2b"><testcase classname="backend.tests.test_automacao_bloqueio_popular" name="test_popular_expiracao_no_auth_not_404" time="0.283" /><testcase classname="backend.tests.test_automacao_bloqueio_popular" name="test_painel_endpoint_router_working" time="0.559" /><testcase classname="backend.tests.test_automacao_bloqueio_popular" name="test_popular_expiracao_authenticated_returns_200" time="0.050" /></testsuite></testsuites>