<?xml version="1.0" encoding="utf-8"?><testsuites name="pytest tests"><testsuite name="pytest" errors="0" failures="0" skipped="0" tests="33" time="8.072" timestamp="2026-04-01T13:59:46.744057+00:00" hostname="agent-env-58ff9a95-de9d-43a1-b856-2ee4ddc56e2b"><testcase classname="backend.tests.test_rbac_security.TestAdminLogin" name="test_admin_login_success" time="0.402" /><testcase classname="backend.tests.test_rbac_security.TestAtendenteLogin" name="test_atendente_login_success" time="0.331" /><testcase classname="backend.tests.test_rbac_security.TestAdminOnlyEndpoints" name="test_admin_can_list_usuarios" time="0.381" /><testcase classname="backend.tests.test_rbac_security.TestAdminOnlyEndpoints" name="test_atendente_cannot_list_usuarios" time="0.371" /><testcase classname="backend.tests.test_rbac_security.TestAdminOnlyEndpoints" name="test_admin_can_create_usuario" time="0.330" /><testcase classname="backend.tests.test_rbac_security.TestAdminOnlyEndpoints" name="test_atendente_cannot_create_usuario" time="0.045" /><testcase classname="backend.tests.test_rbac_security.TestAdminOnlyEndpoints" name="test_atendente_cannot_create_plano" time="0.059" /><testcase classname="backend.tests.test_rbac_security.TestAdminOnlyEndpoints" name="test_atendente_can_list_planos" time="0.050" /><testcase classname="backend.tests.test_rbac_security.TestAdminOnlyEndpoints" name="test_atendente_cannot_create_oferta" time="0.093" /><testcase classname="backend.tests.test_rbac_security.TestAdminOnlyEndpoints" name="test_atendente_can_list_ofertas" time="0.046" /><testcase classname="backend.tests.test_rbac_security.TestAdminOnlyEndpoints" name="test_atendente_cannot_create_chip" time="0.105" /><testcase classname="backend.tests.test_rbac_security.TestAdminOnlyEndpoints" name="test_atendente_can_list_chips" time="0.049" /><testcase classname="backend.tests.test_rbac_security.TestAdminOnlyEndpoints" name="test_atendente_can_list_linhas" time="0.057" /><testcase classname="backend.tests.test_rbac_security.TestAdminOnlyEndpoints" name="test_atendente_cannot_query_line_from_operator" time="0.096" /><testcase classname="backend.tests.test_rbac_security.TestAdminOnlyEndpoints" name="test_atendente_cannot_block_line_partial" time="0.110" /><testcase classname="backend.tests.test_rbac_security.TestAdminOnlyEndpoints" name="test_atendente_cannot_block_line_total" time="0.110" /><testcase classname="backend.tests.test_rbac_security.TestAdminOnlyEndpoints" name="test_atendente_cannot_unblock_line" time="0.092" /><testcase classname="backend.tests.test_rbac_security.TestAdminOnlyEndpoints" name="test_atendente_cannot_change_plan" time="0.152" /><testcase classname="backend.tests.test_rbac_security.TestAdminOnlyEndpoints" name="test_atendente_cannot_sync_planos" time="0.056" /><testcase classname="backend.tests.test_rbac_security.TestAdminOnlyEndpoints" name="test_atendente_cannot_sync_estoque" time="0.051" /><testcase classname="backend.tests.test_rbac_security.TestAdminOnlyEndpoints" name="test_atendente_cannot_view_operadora_config" time="0.044" /><testcase classname="backend.tests.test_rbac_security.TestAdminOnlyEndpoints" name="test_atendente_cannot_view_logs" time="0.047" /><testcase classname="backend.tests.test_rbac_security.TestAdminOnlyEndpoints" name="test_admin_can_view_logs" time="0.056" /><testcase classname="backend.tests.test_rbac_security.TestAdminOnlyEndpoints" name="test_atendente_cannot_delete_cliente" time="0.186" /><testcase classname="backend.tests.test_rbac_security.TestAtendenteAllowedEndpoints" name="test_atendente_can_list_clientes" time="0.375" /><testcase classname="backend.tests.test_rbac_security.TestAtendenteAllowedEndpoints" name="test_atendente_can_create_cliente" time="0.047" /><testcase classname="backend.tests.test_rbac_security.TestAtendenteAllowedEndpoints" name="test_atendente_can_view_dashboard_stats" time="0.052" /><testcase classname="backend.tests.test_rbac_security.TestAtendenteAllowedEndpoints" name="test_atendente_can_view_block_reasons" time="0.052" /><testcase classname="backend.tests.test_rbac_security.TestPasswordChange" name="test_change_password_with_correct_current" time="1.689" /><testcase classname="backend.tests.test_rbac_security.TestPasswordChange" name="test_change_password_with_wrong_current" time="0.632" /><testcase classname="backend.tests.test_rbac_security.TestBruteForceProtection" name="test_brute_force_lockout_mechanism_exists" time="1.191" /><testcase classname="backend.tests.test_rbac_security.TestUserManagement" name="test_admin_can_update_user" time="0.507" /><testcase classname="backend.tests.test_rbac_security.TestUserManagement" name="test_admin_cannot_delete_self" time="0.102" /></testsuite></testsuites>