<?xml version="1.0" encoding="utf-8"?><testsuites name="pytest tests"><testsuite name="pytest" errors="0" failures="0" skipped="0" tests="5" time="4.996" timestamp="2026-04-09T02:00:06.618073+00:00" hostname="agent-env-58ff9a95-de9d-43a1-b856-2ee4ddc56e2b"><testcase classname="backend.tests.test_iteration20.TestStatusFixes" name="test_linhas_no_status_ok" time="0.579" /><testcase classname="backend.tests.test_iteration20.TestStatusFixes" name="test_clientes_no_status_pendente" time="2.742" /><testcase classname="backend.tests.test_iteration20.TestStatusFixes" name="test_dashboard_stats" time="0.606" /><testcase classname="backend.tests.test_iteration20.TestLinhasClienteFilter" name="test_linhas_have_cliente_id" time="0.469" /><testcase classname="backend.tests.test_iteration20.TestLinhasClienteFilter" name="test_clientes_endpoint_for_filter" time="0.527" /></testsuite></testsuites>