<?xml version="1.0" encoding="utf-8"?><testsuites name="pytest tests"><testsuite name="pytest" errors="0" failures="0" skipped="2" tests="17" time="7.097" timestamp="2026-04-06T00:08:26.479060+00:00" hostname="agent-env-58ff9a95-de9d-43a1-b856-2ee4ddc56e2b"><testcase classname="backend.tests.test_portability.TestPortabilityBackend" name="test_admin_ativacao_accepts_portability_fields" time="1.259" /><testcase classname="backend.tests.test_portability.TestPortabilityBackend" name="test_admin_ativacao_without_portability" time="0.845" /><testcase classname="backend.tests.test_portability.TestPortabilityBackend" name="test_public_ativacao_accepts_portability_fields" time="0.121"><skipped type="pytest.skip" message="Test chip not available: {&quot;detail&quot;:&quot;Este chip esta reservado.&quot;}">/app/backend/tests/test_portability.py:134: Test chip not available: {"detail":"Este chip esta reservado."}</skipped></testcase><testcase classname="backend.tests.test_portability.TestPortabilityBackend" name="test_public_ativacao_without_portability" time="0.112"><skipped type="pytest.skip" message="Test chip not available">/app/backend/tests/test_portability.py:178: Test chip not available</skipped></testcase><testcase classname="backend.tests.test_portability.TestPortabilityBackend" name="test_portability_status_endpoint_exists" time="0.723" /><testcase classname="backend.tests.test_portability.TestPortabilityBackend" name="test_portability_status_with_iccid" time="0.723" /><testcase classname="backend.tests.test_portability.TestPortabilityBackend" name="test_portability_status_requires_auth" time="0.125" /><testcase classname="backend.tests.test_portability.TestPortabilityBackend" name="test_chip_validation_endpoint" time="0.107" /><testcase classname="backend.tests.test_portability.TestPortabilityBackend" name="test_chip_validation_invalid_iccid" time="0.108" /><testcase classname="backend.tests.test_portability.TestChipsPageSearch" name="test_chips_list_endpoint" time="0.425" /><testcase classname="backend.tests.test_portability.TestChipsPageSearch" name="test_chips_filter_by_status" time="0.379" /><testcase classname="backend.tests.test_portability.TestOtherPagesLoad" name="test_dashboard_stats" time="0.386" /><testcase classname="backend.tests.test_portability.TestOtherPagesLoad" name="test_clientes_list" time="0.448" /><testcase classname="backend.tests.test_portability.TestOtherPagesLoad" name="test_planos_list" time="0.368" /><testcase classname="backend.tests.test_portability.TestOtherPagesLoad" name="test_ofertas_list" time="0.405" /><testcase classname="backend.tests.test_portability.TestOtherPagesLoad" name="test_linhas_list" time="0.373" /><testcase classname="backend.tests.test_portability.TestOtherPagesLoad" name="test_portal_login_page" time="0.097" /></testsuite></testsuites>