<?xml version="1.0" encoding="utf-8"?><testsuites name="pytest tests"><testsuite name="pytest" errors="0" failures="0" skipped="0" tests="16" time="4.531" timestamp="2026-09-20T01:09:06.580779+00:00" hostname="agent-env-58ff9a95-de9d-43a1-b856-2ee4ddc56e2b"><testcase classname="backend.tests.test_portal_recarga.TestPortalLoginSanity" name="test_portal_login_returns_token" time="0.231" /><testcase classname="backend.tests.test_portal_recarga.TestOfertasDisponiveis" name="test_requires_auth_no_token" time="0.147" /><testcase classname="backend.tests.test_portal_recarga.TestOfertasDisponiveis" name="test_requires_auth_invalid_token" time="0.198" /><testcase classname="backend.tests.test_portal_recarga.TestOfertasDisponiveis" name="test_404_when_linha_not_owned" time="0.124" /><testcase classname="backend.tests.test_portal_recarga.TestOfertasDisponiveis" name="test_400_or_404_invalid_linha_id" time="0.133" /><testcase classname="backend.tests.test_portal_recarga.TestOfertasDisponiveis" name="test_lists_ofertas_with_expected_fields" time="0.173" /><testcase classname="backend.tests.test_portal_recarga.TestRecargaIniciar" name="test_requires_auth" time="0.159" /><testcase classname="backend.tests.test_portal_recarga.TestRecargaIniciar" name="test_400_oferta_id_invalido" time="0.131" /><testcase classname="backend.tests.test_portal_recarga.TestRecargaIniciar" name="test_404_oferta_nao_encontrada" time="0.129" /><testcase classname="backend.tests.test_portal_recarga.TestRecargaIniciar" name="test_404_linha_nao_pertence" time="0.123" /><testcase classname="backend.tests.test_portal_recarga.TestRecargaIniciar" name="test_400_plano_sem_plan_code" time="0.132" /><testcase classname="backend.tests.test_portal_recarga.TestRecargaIniciar" name="test_iniciar_sucesso_ou_asaas_503" time="2.179" /><testcase classname="backend.tests.test_portal_recarga.TestRecargaStatus" name="test_requires_auth" time="0.121" /><testcase classname="backend.tests.test_portal_recarga.TestRecargaStatus" name="test_404_cobranca_nao_pertence" time="0.130" /><testcase classname="backend.tests.test_portal_recarga.TestRecargaStatus" name="test_400_ou_404_cobranca_id_invalido" time="0.128" /><testcase classname="backend.tests.test_portal_recarga.TestRecargaStatus" name="test_status_de_propria_cobranca" time="0.135" /></testsuite></testsuites>