<?xml version="1.0" encoding="utf-8"?><testsuites name="pytest tests"><testsuite name="pytest" errors="0" failures="0" skipped="0" tests="3" time="1.089" timestamp="2026-08-10T13:48:33.566594+00:00" hostname="agent-env-58ff9a95-de9d-43a1-b856-2ee4ddc56e2b"><testcase classname="backend.tests.test_cancel_ativando_selfservice" name="test_seed_appears_in_list" time="0.656" /><testcase classname="backend.tests.test_cancel_ativando_selfservice" name="test_cancel_ativando_status_transitions" time="0.098" /><testcase classname="backend.tests.test_cancel_ativando_selfservice" name="test_cancel_ativo_is_blocked" time="0.053" /></testsuite></testsuites>