<?xml version="1.0" encoding="utf-8"?><testsuites name="pytest tests"><testsuite name="pytest" errors="0" failures="0" skipped="0" tests="10" time="97.439" timestamp="2026-04-17T16:30:15.188145+00:00" hostname="agent-env-58ff9a95-de9d-43a1-b856-2ee4ddc56e2b"><testcase classname="backend.tests.test_accent_search_and_sync.TestAccentInsensitiveSearch" name="test_search_alvaro_lowercase_no_accent" time="0.432" /><testcase classname="backend.tests.test_accent_search_and_sync.TestAccentInsensitiveSearch" name="test_search_Alvaro_capitalized_no_accent" time="0.601" /><testcase classname="backend.tests.test_accent_search_and_sync.TestAccentInsensitiveSearch" name="test_search_ALVARO_uppercase_with_accent" time="0.444" /><testcase classname="backend.tests.test_accent_search_and_sync.TestAccentInsensitiveSearch" name="test_search_silva_junior" time="0.391" /><testcase classname="backend.tests.test_accent_search_and_sync.TestAccentInsensitiveSearch" name="test_search_empty_returns_all" time="0.479" /><testcase classname="backend.tests.test_accent_search_and_sync.TestAccentInsensitiveSearch" name="test_search_by_documento" time="0.471" /><testcase classname="backend.tests.test_accent_search_and_sync.TestSincronizarAsaasEndpoint" name="test_sincronizar_asaas_requires_auth" time="0.463" /><testcase classname="backend.tests.test_accent_search_and_sync.TestSincronizarAsaasEndpoint" name="test_sincronizar_asaas_returns_expected_fields" time="14.873" /><testcase classname="backend.tests.test_accent_search_and_sync.TestSincronizarAsaasEndpoint" name="test_sincronizar_asaas_handles_already_imported" time="23.700" /><testcase classname="backend.tests.test_accent_search_and_sync.TestSincronizarStatusEndpoint" name="test_sincronizar_status_works" time="55.412" /></testsuite></testsuites>