<?xml version="1.0" encoding="utf-8"?><testsuites name="pytest tests"><testsuite name="pytest" errors="0" failures="0" skipped="0" tests="23" time="6.180" timestamp="2026-04-01T12:45:43.139446+00:00" hostname="agent-env-58ff9a95-de9d-43a1-b856-2ee4ddc56e2b"><testcase classname="tests.test_tatelecom_integration.TestAuth" name="test_login_success" time="0.414" /><testcase classname="tests.test_tatelecom_integration.TestAuth" name="test_login_invalid_credentials" time="0.103" /><testcase classname="tests.test_tatelecom_integration.TestClients" name="test_get_clients_returns_expanded_fields" time="0.420" /><testcase classname="tests.test_tatelecom_integration.TestClients" name="test_create_client_validates_cpf" time="0.049" /><testcase classname="tests.test_tatelecom_integration.TestClients" name="test_create_client_validates_cnpj" time="0.047" /><testcase classname="tests.test_tatelecom_integration.TestClients" name="test_create_client_validates_cep" time="0.332" /><testcase classname="tests.test_tatelecom_integration.TestClients" name="test_create_and_update_client_with_expanded_fields" time="0.146" /><testcase classname="tests.test_tatelecom_integration.TestPlans" name="test_get_plans_returns_plan_code" time="0.047" /><testcase classname="tests.test_tatelecom_integration.TestPlans" name="test_create_plan_with_plan_code" time="0.097" /><testcase classname="tests.test_tatelecom_integration.TestOffers" name="test_get_offers_returns_plan_code" time="0.057" /><testcase classname="tests.test_tatelecom_integration.TestChips" name="test_get_chips_returns_msisdn" time="0.052" /><testcase classname="tests.test_tatelecom_integration.TestOperatorSync" name="test_sync_plans_from_operator" time="0.351" /><testcase classname="tests.test_tatelecom_integration.TestOperatorSync" name="test_sync_stock_from_operator" time="0.352" /><testcase classname="tests.test_tatelecom_integration.TestOperatorSync" name="test_get_block_reasons" time="0.046" /><testcase classname="tests.test_tatelecom_integration.TestActivation" name="test_activation_validates_client_completeness" time="0.195" /><testcase classname="tests.test_tatelecom_integration.TestActivation" name="test_activation_validates_plan_code" time="0.388" /><testcase classname="tests.test_tatelecom_integration.TestActivation" name="test_successful_activation" time="0.858" /><testcase classname="tests.test_tatelecom_integration.TestLineActions" name="test_get_lines" time="0.057" /><testcase classname="tests.test_tatelecom_integration.TestLineActions" name="test_query_line_from_operator" time="0.410" /><testcase classname="tests.test_tatelecom_integration.TestLineActions" name="test_block_partial_line" time="0.395" /><testcase classname="tests.test_tatelecom_integration.TestLineActions" name="test_block_total_line_with_reason" time="0.403" /><testcase classname="tests.test_tatelecom_integration.TestLineActions" name="test_unblock_line" time="0.404" /><testcase classname="tests.test_tatelecom_integration.TestLineActions" name="test_change_plan" time="0.452" /></testsuite></testsuites>