<?xml version="1.0" encoding="utf-8"?><testsuites name="pytest tests"><testsuite name="pytest" errors="0" failures="0" skipped="0" tests="6" time="2.743" timestamp="2026-07-24T02:56:30.959712+00:00" hostname="agent-env-58ff9a95-de9d-43a1-b856-2ee4ddc56e2b"><testcase classname="backend.tests.test_automacao_bloqueio.TestWhitelistLote" name="test_lote_empty_400" time="0.566" /><testcase classname="backend.tests.test_automacao_bloqueio.TestWhitelistLote" name="test_lote_add_success" time="0.447" /><testcase classname="backend.tests.test_automacao_bloqueio.TestWhitelistLote" name="test_lote_idempotente" time="0.451" /><testcase classname="backend.tests.test_automacao_bloqueio.TestWhitelistLote" name="test_lote_invalid_id_goes_to_erros" time="0.346" /><testcase classname="backend.tests.test_automacao_bloqueio.TestWhitelistLote" name="test_lote_requires_auth" time="0.102" /><testcase classname="backend.tests.test_automacao_bloqueio.TestWhitelistAlfabetico" name="test_whitelist_ordenada_alfabeticamente" time="0.665" /></testsuite></testsuites>