<?xml version="1.0" encoding="utf-8"?><testsuites name="pytest tests"><testsuite name="pytest" errors="0" failures="0" skipped="0" tests="14" time="3.711" timestamp="2026-04-04T20:06:58.378707+00:00" hostname="agent-env-58ff9a95-de9d-43a1-b856-2ee4ddc56e2b"><testcase classname="backend.tests.test_selfservice.TestPublicEndpoints" name="test_public_ofertas_returns_list" time="0.311" /><testcase classname="backend.tests.test_selfservice.TestPublicEndpoints" name="test_public_validar_chip_with_offer" time="0.108" /><testcase classname="backend.tests.test_selfservice.TestPublicEndpoints" name="test_public_validar_chip_without_offer" time="0.325" /><testcase classname="backend.tests.test_selfservice.TestPublicEndpoints" name="test_public_validar_chip_not_found" time="0.106" /><testcase classname="backend.tests.test_selfservice.TestSelfServiceActivation" name="test_activation_status_check" time="0.531" /><testcase classname="backend.tests.test_selfservice.TestSelfServiceActivation" name="test_activation_status_not_found" time="0.137" /><testcase classname="backend.tests.test_selfservice.TestAdminSelfServiceManagement" name="test_admin_list_selfservice_activations" time="0.377" /><testcase classname="backend.tests.test_selfservice.TestAdminSelfServiceManagement" name="test_admin_list_selfservice_with_status_filter" time="0.381" /><testcase classname="backend.tests.test_selfservice.TestAdminSelfServiceManagement" name="test_admin_confirm_requires_auth" time="0.105" /><testcase classname="backend.tests.test_selfservice.TestAdminSelfServiceManagement" name="test_admin_cancel_requires_auth" time="0.138" /><testcase classname="backend.tests.test_selfservice.TestAdminSelfServiceManagement" name="test_admin_confirm_not_found" time="0.378" /><testcase classname="backend.tests.test_selfservice.TestAdminSelfServiceManagement" name="test_admin_cancel_not_found" time="0.414" /><testcase classname="backend.tests.test_selfservice.TestSelfServiceActivationCreation" name="test_create_activation_missing_fields" time="0.108" /><testcase classname="backend.tests.test_selfservice.TestSelfServiceActivationCreation" name="test_create_activation_invalid_cpf" time="0.100" /></testsuite></testsuites>