<?xml version="1.0" encoding="utf-8"?><testsuites name="pytest tests"><testsuite name="pytest" errors="0" failures="0" skipped="0" tests="19" time="8.665" timestamp="2026-04-01T11:29:50.618825+00:00" hostname="agent-env-58ff9a95-de9d-43a1-b856-2ee4ddc56e2b"><testcase classname="backend.tests.test_mvno_api.TestAuth" name="test_login_success" time="0.396" /><testcase classname="backend.tests.test_mvno_api.TestAuth" name="test_login_invalid_credentials" time="0.120" /><testcase classname="backend.tests.test_mvno_api.TestAuth" name="test_auth_me_after_login" time="0.360" /><testcase classname="backend.tests.test_mvno_api.TestDashboard" name="test_dashboard_stats" time="0.380" /><testcase classname="backend.tests.test_mvno_api.TestPlanos" name="test_list_planos" time="0.369" /><testcase classname="backend.tests.test_mvno_api.TestPlanos" name="test_create_plano_no_valor" time="0.450" /><testcase classname="backend.tests.test_mvno_api.TestPlanos" name="test_update_plano" time="0.475" /><testcase classname="backend.tests.test_mvno_api.TestOfertas" name="test_list_ofertas" time="0.373" /><testcase classname="backend.tests.test_mvno_api.TestOfertas" name="test_ofertas_have_plano_info" time="0.390" /><testcase classname="backend.tests.test_mvno_api.TestOfertas" name="test_create_oferta_with_plano" time="0.466" /><testcase classname="backend.tests.test_mvno_api.TestOfertas" name="test_create_oferta_invalid_plano" time="0.372" /><testcase classname="backend.tests.test_mvno_api.TestChips" name="test_list_chips" time="0.382" /><testcase classname="backend.tests.test_mvno_api.TestChips" name="test_create_chip_requires_oferta" time="0.488" /><testcase classname="backend.tests.test_mvno_api.TestChips" name="test_create_chip_invalid_oferta" time="0.426" /><testcase classname="backend.tests.test_mvno_api.TestAtivacao" name="test_ativacao_only_requires_cliente_and_chip" time="0.824" /><testcase classname="backend.tests.test_mvno_api.TestAtivacao" name="test_ativacao_returns_offer_info" time="1.036" /><testcase classname="backend.tests.test_mvno_api.TestClientes" name="test_list_clientes" time="0.386" /><testcase classname="backend.tests.test_mvno_api.TestClientes" name="test_create_cliente" time="0.413" /><testcase classname="backend.tests.test_mvno_api.TestLinhas" name="test_list_linhas" time="0.365" /></testsuite></testsuites>