<?xml version="1.0" encoding="utf-8"?><testsuites name="pytest tests"><testsuite name="pytest" errors="0" failures="0" skipped="0" tests="13" time="4.960" timestamp="2026-04-05T14:47:59.211693+00:00" hostname="agent-env-58ff9a95-de9d-43a1-b856-2ee4ddc56e2b"><testcase classname="backend.tests.test_portal.TestPortalLogin" name="test_portal_login_success_with_valid_credentials" time="0.175" /><testcase classname="backend.tests.test_portal.TestPortalLogin" name="test_portal_login_alternative_client" time="0.123" /><testcase classname="backend.tests.test_portal.TestPortalLogin" name="test_portal_login_invalid_cpf" time="0.108" /><testcase classname="backend.tests.test_portal.TestPortalLogin" name="test_portal_login_invalid_phone" time="0.126" /><testcase classname="backend.tests.test_portal.TestPortalLogin" name="test_portal_login_missing_fields" time="0.114" /><testcase classname="backend.tests.test_portal.TestPortalDashboard" name="test_portal_dashboard_with_valid_token" time="0.237" /><testcase classname="backend.tests.test_portal.TestPortalDashboard" name="test_portal_dashboard_without_token" time="0.153" /><testcase classname="backend.tests.test_portal.TestPortalDashboard" name="test_portal_dashboard_with_invalid_token" time="0.106" /><testcase classname="backend.tests.test_portal.TestPortalDashboard" name="test_portal_dashboard_with_admin_token_fails" time="0.426" /><testcase classname="backend.tests.test_portal.TestPortalSaldo" name="test_portal_saldo_with_valid_token" time="2.197" /><testcase classname="backend.tests.test_portal.TestPortalSaldo" name="test_portal_saldo_without_token" time="0.109" /><testcase classname="backend.tests.test_portal.TestPortalConsumo" name="test_portal_consumo_with_valid_token" time="0.836" /><testcase classname="backend.tests.test_portal.TestPortalConsumo" name="test_portal_consumo_without_token" time="0.103" /></testsuite></testsuites>