<?xml version="1.0" encoding="utf-8"?><testsuites name="pytest tests"><testsuite name="pytest" errors="2" failures="0" skipped="0" tests="13" time="2.495" timestamp="2026-07-21T19:37:07.548063+00:00" hostname="agent-env-58ff9a95-de9d-43a1-b856-2ee4ddc56e2b"><testcase classname="backend.tests.test_msisdn_historico.TestPortalLoginRegression" name="test_login_with_current_msisdn_still_works" time="0.392" /><testcase classname="backend.tests.test_msisdn_historico.TestPortalLoginHistorico" name="test_login_with_historic_msisdn_from_linha" time="0.240" /><testcase classname="backend.tests.test_msisdn_historico.TestPortalLoginHistorico" name="test_login_with_historic_msisdn_from_chip_only" time="0.238" /><testcase classname="backend.tests.test_msisdn_historico.TestPortalLoginHistorico" name="test_login_with_unknown_number_returns_401" time="0.226" /><testcase classname="backend.tests.test_msisdn_historico.TestAdicionarMsisdnHistorico" name="test_add_numero_success" time="0.436" /><testcase classname="backend.tests.test_msisdn_historico.TestAdicionarMsisdnHistorico" name="test_add_numero_idempotency" time="0.128" /><testcase classname="backend.tests.test_msisdn_historico.TestAdicionarMsisdnHistorico" name="test_add_numero_invalid_short" time="0.063" /><testcase classname="backend.tests.test_msisdn_historico.TestAdicionarMsisdnHistorico" name="test_add_numero_invalid_linha_id" time="0.061" /><testcase classname="backend.tests.test_msisdn_historico.TestAdicionarMsisdnHistorico" name="test_add_numero_nonexistent_linha" time="0.064" /><testcase classname="backend.tests.test_msisdn_historico.TestRemoverMsisdnHistorico" name="test_remove_numero_success" time="0.125" /><testcase classname="backend.tests.test_msisdn_historico.TestRBACHistoricoEndpoints" name="test_add_forbidden_for_revendedor" time="0.190"><error message="failed on setup with &quot;AssertionError: Revendedor register failed: {&quot;detail&quot;:[{&quot;type&quot;:&quot;enum&quot;,&quot;loc&quot;:[&quot;body&quot;,&quot;role&quot;],&quot;msg&quot;:&quot;Input should be 'admin' or 'atendente'&quot;,&quot;input&quot;:&quot;revendedor&quot;,&quot;ctx&quot;:{&quot;expected&quot;:&quot;'admin' or 'atendente'&quot;},&quot;url&quot;:&quot;https://errors.pydantic.dev/2.12/v/enum&quot;}]}&#10;assert 422 == 200&#10; +  where 422 = &lt;Response [422]&gt;.status_code&quot;">backend/tests/test_msisdn_historico.py:93: in revendedor_session
    assert r.status_code == 200, f"Revendedor register failed: {r.text}"
E   AssertionError: Revendedor register failed: {"detail":[{"type":"enum","loc":["body","role"],"msg":"Input should be 'admin' or 'atendente'","input":"revendedor","ctx":{"expected":"'admin' or 'atendente'"},"url":"https://errors.pydantic.dev/2.12/v/enum"}]}
E   assert 422 == 200
E    +  where 422 = &lt;Response [422]&gt;.status_code</error></testcase><testcase classname="backend.tests.test_msisdn_historico.TestRBACHistoricoEndpoints" name="test_delete_forbidden_for_revendedor" time="0.000"><error message="failed on setup with &quot;AssertionError: Revendedor register failed: {&quot;detail&quot;:[{&quot;type&quot;:&quot;enum&quot;,&quot;loc&quot;:[&quot;body&quot;,&quot;role&quot;],&quot;msg&quot;:&quot;Input should be 'admin' or 'atendente'&quot;,&quot;input&quot;:&quot;revendedor&quot;,&quot;ctx&quot;:{&quot;expected&quot;:&quot;'admin' or 'atendente'&quot;},&quot;url&quot;:&quot;https://errors.pydantic.dev/2.12/v/enum&quot;}]}&#10;assert 422 == 200&#10; +  where 422 = &lt;Response [422]&gt;.status_code&quot;">backend/tests/test_msisdn_historico.py:93: in revendedor_session
    assert r.status_code == 200, f"Revendedor register failed: {r.text}"
E   AssertionError: Revendedor register failed: {"detail":[{"type":"enum","loc":["body","role"],"msg":"Input should be 'admin' or 'atendente'","input":"revendedor","ctx":{"expected":"'admin' or 'atendente'"},"url":"https://errors.pydantic.dev/2.12/v/enum"}]}
E   assert 422 == 200
E    +  where 422 = &lt;Response [422]&gt;.status_code</error></testcase><testcase classname="backend.tests.test_msisdn_historico.TestRBACHistoricoEndpoints" name="test_add_unauthenticated_returns_401_or_403" time="0.149" /></testsuite></testsuites>