<?xml version="1.0" encoding="utf-8"?><testsuites name="pytest tests"><testsuite name="pytest" errors="0" failures="0" skipped="0" tests="13" time="2.118" timestamp="2026-07-24T21:02:34.789665+00:00" hostname="agent-env-58ff9a95-de9d-43a1-b856-2ee4ddc56e2b"><testcase classname="backend.tests.test_auto_bloqueio_faseA.TestSincronizarExpiracaoTa" name="test_requires_auth" time="0.220" /><testcase classname="backend.tests.test_auto_bloqueio_faseA.TestSincronizarExpiracaoTa" name="test_non_admin_forbidden" time="0.771" /><testcase classname="backend.tests.test_auto_bloqueio_faseA.TestDesbloqueioConfianca" name="test_requires_auth" time="0.054" /><testcase classname="backend.tests.test_auto_bloqueio_faseA.TestDesbloqueioConfianca" name="test_non_admin_forbidden" time="0.049" /><testcase classname="backend.tests.test_auto_bloqueio_faseA.TestDesbloqueioConfianca" name="test_dias_menor_que_1" time="0.375" /><testcase classname="backend.tests.test_auto_bloqueio_faseA.TestDesbloqueioConfianca" name="test_dias_maior_que_30" time="0.045" /><testcase classname="backend.tests.test_auto_bloqueio_faseA.TestDesbloqueioConfianca" name="test_linha_id_invalido" time="0.050" /><testcase classname="backend.tests.test_auto_bloqueio_faseA.TestDesbloqueioConfianca" name="test_linha_inexistente" time="0.046" /><testcase classname="backend.tests.test_auto_bloqueio_faseA.TestListDesbloqueiosConfianca" name="test_requires_auth" time="0.050" /><testcase classname="backend.tests.test_auto_bloqueio_faseA.TestListDesbloqueiosConfianca" name="test_non_admin_forbidden" time="0.045" /><testcase classname="backend.tests.test_auto_bloqueio_faseA.TestListDesbloqueiosConfianca" name="test_admin_ok_and_sorted" time="0.047" /><testcase classname="backend.tests.test_auto_bloqueio_faseA.TestHelpers" name="test_extrair_data_e_normalize" time="0.178" /><testcase classname="backend.tests.test_auto_bloqueio_faseA.TestHelpers" name="test_extrair_data_expiracao_campos" time="0.097" /></testsuite></testsuites>