<?xml version="1.0" encoding="utf-8"?><testsuites name="pytest tests"><testsuite name="pytest" errors="0" failures="0" skipped="0" tests="13" time="6.927" timestamp="2026-04-07T01:25:54.571037+00:00" hostname="agent-env-58ff9a95-de9d-43a1-b856-2ee4ddc56e2b"><testcase classname="backend.tests.test_bug_fixes_iteration18.TestClientesWithLinhas" name="test_clientes_returns_linhas_count" time="0.528" /><testcase classname="backend.tests.test_bug_fixes_iteration18.TestClientesWithLinhas" name="test_clientes_returns_linhas_array" time="0.400" /><testcase classname="backend.tests.test_bug_fixes_iteration18.TestClientesWithLinhas" name="test_cpf_search_finds_ailton_with_3_lines" time="1.002" /><testcase classname="backend.tests.test_bug_fixes_iteration18.TestClientesWithLinhas" name="test_name_search_finds_ailton" time="0.407" /><testcase classname="backend.tests.test_bug_fixes_iteration18.TestClientesWithLinhas" name="test_partial_cpf_search" time="0.401" /><testcase classname="backend.tests.test_bug_fixes_iteration18.TestClientesWithLinhas" name="test_client_with_multiple_lines_shows_all" time="0.406" /><testcase classname="backend.tests.test_bug_fixes_iteration18.TestAsaasConfigPersistence" name="test_asaas_config_status" time="0.413" /><testcase classname="backend.tests.test_bug_fixes_iteration18.TestCarteiraSyncEndpoint" name="test_sync_cobrancas_status_endpoint" time="0.840" /><testcase classname="backend.tests.test_bug_fixes_iteration18.TestPortalDashboard" name="test_portal_login_and_dashboard" time="0.462" /><testcase classname="backend.tests.test_bug_fixes_iteration18.TestOtherPagesLoad" name="test_chips_endpoint" time="0.684" /><testcase classname="backend.tests.test_bug_fixes_iteration18.TestOtherPagesLoad" name="test_linhas_endpoint" time="0.403" /><testcase classname="backend.tests.test_bug_fixes_iteration18.TestOtherPagesLoad" name="test_planos_endpoint" time="0.390" /><testcase classname="backend.tests.test_bug_fixes_iteration18.TestOtherPagesLoad" name="test_ofertas_endpoint" time="0.425" /></testsuite></testsuites>