<?xml version="1.0" encoding="utf-8"?><testsuites name="pytest tests"><testsuite name="pytest" errors="0" failures="0" skipped="0" tests="13" time="7.976" timestamp="2026-04-01T23:26:11.225497+00:00" hostname="agent-env-58ff9a95-de9d-43a1-b856-2ee4ddc56e2b"><testcase classname="backend.tests.test_carteira_movel.TestCarteiraMovelAPI" name="test_get_carteira_config" time="0.596" /><testcase classname="backend.tests.test_carteira_movel.TestCarteiraMovelAPI" name="test_get_carteira_resumo" time="0.473" /><testcase classname="backend.tests.test_carteira_movel.TestCarteiraMovelAPI" name="test_list_cobrancas" time="0.435" /><testcase classname="backend.tests.test_carteira_movel.TestCarteiraMovelAPI" name="test_list_cobrancas_with_status_filter" time="0.441" /><testcase classname="backend.tests.test_carteira_movel.TestCarteiraMovelAPI" name="test_create_cobranca" time="0.543" /><testcase classname="backend.tests.test_carteira_movel.TestCarteiraMovelAPI" name="test_delete_cobranca_pending" time="0.652" /><testcase classname="backend.tests.test_carteira_movel.TestCarteiraMovelAPI" name="test_list_assinaturas" time="0.487" /><testcase classname="backend.tests.test_carteira_movel.TestCarteiraMovelAPI" name="test_create_assinatura_monthly" time="0.566" /><testcase classname="backend.tests.test_carteira_movel.TestCarteiraMovelAPI" name="test_cancel_assinatura" time="0.579" /><testcase classname="backend.tests.test_carteira_movel.TestCarteiraMovelAPI" name="test_webhook_asaas_no_auth_required" time="0.538" /><testcase classname="backend.tests.test_carteira_movel.TestCarteiraMovelAPI" name="test_webhook_asaas_empty_payload" time="1.551" /><testcase classname="backend.tests.test_carteira_movel.TestCarteiraMovelCleanup" name="test_cleanup_test_cobrancas" time="0.490" /><testcase classname="backend.tests.test_carteira_movel.TestCarteiraMovelCleanup" name="test_cleanup_test_assinaturas" time="0.555" /></testsuite></testsuites>