<?xml version="1.0" encoding="utf-8"?><testsuites name="pytest tests"><testsuite name="pytest" errors="0" failures="0" skipped="0" tests="11" time="43.623" timestamp="2026-04-07T14:40:25.560507+00:00" hostname="agent-env-58ff9a95-de9d-43a1-b856-2ee4ddc56e2b"><testcase classname="backend.tests.test_iteration19.TestAuthentication" name="test_admin_login_success" time="0.426" /><testcase classname="backend.tests.test_iteration19.TestOperadoraSync" name="test_sincronizar_estoque_success" time="39.336" /><testcase classname="backend.tests.test_iteration19.TestOperadoraSync" name="test_operadora_config" time="0.587" /><testcase classname="backend.tests.test_iteration19.TestChipsEndpoint" name="test_chips_list" time="0.454" /><testcase classname="backend.tests.test_iteration19.TestChipsEndpoint" name="test_chips_filter_disponivel" time="0.468" /><testcase classname="backend.tests.test_iteration19.TestClientesEndpoint" name="test_clientes_list" time="0.397" /><testcase classname="backend.tests.test_iteration19.TestPlanosEndpoint" name="test_planos_list" time="0.444" /><testcase classname="backend.tests.test_iteration19.TestLinhasEndpoint" name="test_linhas_list" time="0.405" /><testcase classname="backend.tests.test_iteration19.TestDashboardEndpoint" name="test_dashboard_stats" time="0.413" /><testcase classname="backend.tests.test_iteration19.TestOfertasEndpoint" name="test_ofertas_list" time="0.394" /><testcase classname="backend.tests.test_iteration19.TestPublicEndpoints" name="test_public_validar_chip_invalid" time="0.137" /></testsuite></testsuites>