<?xml version="1.0" encoding="utf-8"?><testsuites name="pytest tests"><testsuite name="pytest" errors="0" failures="0" skipped="2" tests="7" time="3.325" timestamp="2026-04-01T17:06:13.907841+00:00" hostname="agent-env-58ff9a95-de9d-43a1-b856-2ee4ddc56e2b"><testcase classname="backend.tests.test_chip_offer_linking.TestChipOfferLinking" name="test_get_ofertas_with_categoria" time="0.427" /><testcase classname="backend.tests.test_chip_offer_linking.TestChipOfferLinking" name="test_get_chips_with_offer_details" time="0.426" /><testcase classname="backend.tests.test_chip_offer_linking.TestChipOfferLinking" name="test_update_chip_offer_available" time="0.498" /><testcase classname="backend.tests.test_chip_offer_linking.TestChipOfferLinking" name="test_update_chip_offer_activated_fails" time="0.499" /><testcase classname="backend.tests.test_chip_offer_linking.TestChipOfferLinking" name="test_update_chip_offer_blocked_fails" time="0.548" /><testcase classname="backend.tests.test_chip_offer_linking.TestChipOfferLinking" name="test_update_chip_offer_reserved_works" time="0.407"><skipped type="pytest.skip" message="No reserved chips to test">/app/backend/tests/test_chip_offer_linking.py:183: No reserved chips to test</skipped></testcase><testcase classname="backend.tests.test_chip_offer_linking.TestChipOfferLinking" name="test_update_chip_inactive_offer_fails" time="0.452"><skipped type="pytest.skip" message="No inactive offers to test">/app/backend/tests/test_chip_offer_linking.py:223: No inactive offers to test</skipped></testcase></testsuite></testsuites>