<?xml version="1.0" encoding="utf-8"?><testsuites name="pytest tests"><testsuite name="pytest" errors="0" failures="0" skipped="1" tests="13" time="5.791" timestamp="2026-04-12T19:33:41.344454+00:00" hostname="agent-env-58ff9a95-de9d-43a1-b856-2ee4ddc56e2b"><testcase classname="backend.tests.test_retry_system.TestRetrySystem" name="test_retry_queue_endpoint_returns_200" time="0.460" /><testcase classname="backend.tests.test_retry_system.TestRetrySystem" name="test_retry_queue_has_queue_field" time="0.417" /><testcase classname="backend.tests.test_retry_system.TestRetrySystem" name="test_retry_queue_has_stats_field" time="0.406" /><testcase classname="backend.tests.test_retry_system.TestRetrySystem" name="test_retry_queue_config_has_expected_fields" time="0.407" /><testcase classname="backend.tests.test_retry_system.TestRetrySystem" name="test_retry_queue_requires_auth" time="0.449" /><testcase classname="backend.tests.test_retry_system.TestRetrySystem" name="test_ativacoes_selfservice_list_returns_200" time="0.384" /><testcase classname="backend.tests.test_retry_system.TestRetrySystem" name="test_ativacoes_selfservice_has_retry_fields" time="0.419" /><testcase classname="backend.tests.test_retry_system.TestRetrySystem" name="test_ativacoes_selfservice_filter_by_status" time="0.381" /><testcase classname="backend.tests.test_retry_system.TestRetrySystem" name="test_retry_endpoint_rejects_non_error_status" time="0.439" /><testcase classname="backend.tests.test_retry_system.TestRetrySystem" name="test_retry_endpoint_returns_404_for_invalid_id" time="0.388" /><testcase classname="backend.tests.test_retry_system.TestRetrySystem" name="test_retry_endpoint_requires_auth" time="0.463" /><testcase classname="backend.tests.test_retry_system.TestRetrySystem" name="test_retry_on_error_activation_if_exists" time="0.983" /><testcase classname="backend.tests.test_retry_system.TestRetryQueueItemStructure" name="test_queue_item_has_required_fields" time="0.124"><skipped type="pytest.skip" message="Admin login failed: 429">/app/backend/tests/test_retry_system.py:241: Admin login failed: 429</skipped></testcase></testsuite></testsuites>