<?xml version="1.0" encoding="utf-8"?><testsuites name="pytest tests"><testsuite name="pytest" errors="0" failures="0" skipped="8" tests="35" time="57.487" timestamp="2026-07-24T14:40:25.337714+00:00" hostname="agent-env-58ff9a95-de9d-43a1-b856-2ee4ddc56e2b"><testcase classname="backend.tests.test_automacao_bloqueio.TestConfig" name="test_get_config_default" time="0.784" /><testcase classname="backend.tests.test_automacao_bloqueio.TestConfig" name="test_put_config_partial_update" time="0.117" /><testcase classname="backend.tests.test_automacao_bloqueio.TestConfig" name="test_put_config_validation_hora_bloqueio" time="0.052" /><testcase classname="backend.tests.test_automacao_bloqueio.TestConfig" name="test_put_config_validation_hora_aviso" time="0.057" /><testcase classname="backend.tests.test_automacao_bloqueio.TestConfig" name="test_config_stays_inactive_after_tests" time="0.060" /><testcase classname="backend.tests.test_automacao_bloqueio.TestSimulacao" name="test_simular_structure" time="0.084" /><testcase classname="backend.tests.test_automacao_bloqueio.TestWhitelist" name="test_list_whitelist" time="0.054" /><testcase classname="backend.tests.test_automacao_bloqueio.TestWhitelist" name="test_add_whitelist_invalid_id" time="0.055" /><testcase classname="backend.tests.test_automacao_bloqueio.TestWhitelist" name="test_add_whitelist_not_found" time="0.059" /><testcase classname="backend.tests.test_automacao_bloqueio.TestWhitelist" name="test_add_remove_whitelist_flow" time="0.311" /><testcase classname="backend.tests.test_automacao_bloqueio.TestExecutar" name="test_executar_dry_run" time="51.726" /><testcase classname="backend.tests.test_automacao_bloqueio.TestHistorico" name="test_historico" time="0.055" /><testcase classname="backend.tests.test_automacao_bloqueio.TestSecurity" name="test_unauth_returns_401[GET-/automacao/bloqueio/config-None]" time="0.148" /><testcase classname="backend.tests.test_automacao_bloqueio.TestSecurity" name="test_unauth_returns_401[PUT-/automacao/bloqueio/config-body1]" time="0.048" /><testcase classname="backend.tests.test_automacao_bloqueio.TestSecurity" name="test_unauth_returns_401[GET-/automacao/bloqueio/simular-None]" time="0.046" /><testcase classname="backend.tests.test_automacao_bloqueio.TestSecurity" name="test_unauth_returns_401[GET-/automacao/bloqueio/whitelist-None]" time="0.059" /><testcase classname="backend.tests.test_automacao_bloqueio.TestSecurity" name="test_unauth_returns_401[POST-/automacao/bloqueio/whitelist-body4]" time="0.046" /><testcase classname="backend.tests.test_automacao_bloqueio.TestSecurity" name="test_unauth_returns_401[DELETE-/automacao/bloqueio/whitelist/000000000000000000000000-None]" time="0.048" /><testcase classname="backend.tests.test_automacao_bloqueio.TestSecurity" name="test_unauth_returns_401[POST-/automacao/bloqueio/executar-body6]" time="0.049" /><testcase classname="backend.tests.test_automacao_bloqueio.TestSecurity" name="test_unauth_returns_401[GET-/automacao/bloqueio/historico-None]" time="0.055" /><testcase classname="backend.tests.test_automacao_bloqueio.TestSecurity" name="test_non_admin_returns_403[GET-/automacao/bloqueio/config-None]" time="0.152"><skipped type="pytest.skip" message="no non-admin user available">/app/backend/tests/test_automacao_bloqueio.py:180: no non-admin user available</skipped></testcase><testcase classname="backend.tests.test_automacao_bloqueio.TestSecurity" name="test_non_admin_returns_403[PUT-/automacao/bloqueio/config-body1]" time="0.220"><skipped type="pytest.skip" message="no non-admin user available">/app/backend/tests/test_automacao_bloqueio.py:180: no non-admin user available</skipped></testcase><testcase classname="backend.tests.test_automacao_bloqueio.TestSecurity" name="test_non_admin_returns_403[GET-/automacao/bloqueio/simular-None]" time="0.146"><skipped type="pytest.skip" message="no non-admin user available">/app/backend/tests/test_automacao_bloqueio.py:180: no non-admin user available</skipped></testcase><testcase classname="backend.tests.test_automacao_bloqueio.TestSecurity" name="test_non_admin_returns_403[GET-/automacao/bloqueio/whitelist-None]" time="0.138"><skipped type="pytest.skip" message="no non-admin user available">/app/backend/tests/test_automacao_bloqueio.py:180: no non-admin user available</skipped></testcase><testcase classname="backend.tests.test_automacao_bloqueio.TestSecurity" name="test_non_admin_returns_403[POST-/automacao/bloqueio/whitelist-body4]" time="0.108"><skipped type="pytest.skip" message="no non-admin user available">/app/backend/tests/test_automacao_bloqueio.py:180: no non-admin user available</skipped></testcase><testcase classname="backend.tests.test_automacao_bloqueio.TestSecurity" name="test_non_admin_returns_403[DELETE-/automacao/bloqueio/whitelist/000000000000000000000000-None]" time="0.129"><skipped type="pytest.skip" message="no non-admin user available">/app/backend/tests/test_automacao_bloqueio.py:180: no non-admin user available</skipped></testcase><testcase classname="backend.tests.test_automacao_bloqueio.TestSecurity" name="test_non_admin_returns_403[POST-/automacao/bloqueio/executar-body6]" time="0.111"><skipped type="pytest.skip" message="no non-admin user available">/app/backend/tests/test_automacao_bloqueio.py:180: no non-admin user available</skipped></testcase><testcase classname="backend.tests.test_automacao_bloqueio.TestSecurity" name="test_non_admin_returns_403[GET-/automacao/bloqueio/historico-None]" time="0.141"><skipped type="pytest.skip" message="no non-admin user available">/app/backend/tests/test_automacao_bloqueio.py:180: no non-admin user available</skipped></testcase><testcase classname="backend.tests.test_automacao_bloqueio.TestWebhookAsaas" name="test_webhook_accepts_confirmed_payload" time="0.107" /><testcase classname="backend.tests.test_automacao_bloqueio.TestWhitelistLote" name="test_lote_empty_400" time="0.056" /><testcase classname="backend.tests.test_automacao_bloqueio.TestWhitelistLote" name="test_lote_add_success" time="0.449" /><testcase classname="backend.tests.test_automacao_bloqueio.TestWhitelistLote" name="test_lote_idempotente" time="0.433" /><testcase classname="backend.tests.test_automacao_bloqueio.TestWhitelistLote" name="test_lote_invalid_id_goes_to_erros" time="0.387" /><testcase classname="backend.tests.test_automacao_bloqueio.TestWhitelistLote" name="test_lote_requires_auth" time="0.057" /><testcase classname="backend.tests.test_automacao_bloqueio.TestWhitelistAlfabetico" name="test_whitelist_ordenada_alfabeticamente" time="0.854" /></testsuite></testsuites>