<?xml version="1.0" encoding="utf-8"?><testsuites name="pytest tests"><testsuite name="pytest" errors="0" failures="0" skipped="1" tests="10" time="1.269" timestamp="2026-06-07T16:27:38.341203+00:00" hostname="agent-env-58ff9a95-de9d-43a1-b856-2ee4ddc56e2b"><testcase classname="backend.tests.test_lote_por_vencimento.TestPreviewLote" name="test_preview_requires_auth" time="0.264" /><testcase classname="backend.tests.test_lote_por_vencimento.TestPreviewLote" name="test_preview_basic_structure" time="0.420" /><testcase classname="backend.tests.test_lote_por_vencimento.TestPreviewLote" name="test_preview_with_filters" time="0.047" /><testcase classname="backend.tests.test_lote_por_vencimento.TestPreviewLote" name="test_preview_items_have_required_fields" time="0.056" /><testcase classname="backend.tests.test_lote_por_vencimento.TestGerarLote" name="test_post_requires_auth" time="0.078" /><testcase classname="backend.tests.test_lote_por_vencimento.TestGerarLote" name="test_post_empty_items_returns_zero" time="0.049" /><testcase classname="backend.tests.test_lote_por_vencimento.TestGerarLote" name="test_post_invalid_assinatura_returns_error_item" time="0.046" /><testcase classname="backend.tests.test_lote_por_vencimento.TestGerarLote" name="test_post_invalid_id_format" time="0.048" /><testcase classname="backend.tests.test_lote_por_vencimento.TestGerarLote" name="test_post_response_shape" time="0.045" /><testcase classname="backend.tests.test_lote_por_vencimento.TestAdminOnly" name="test_non_admin_blocked_or_skipped" time="0.046"><skipped type="pytest.skip" message="Cannot list users; skipping non-admin enforcement test.">/app/backend/tests/test_lote_por_vencimento.py:159: Cannot list users; skipping non-admin enforcement test.</skipped></testcase></testsuite></testsuites>