<?xml version="1.0" encoding="utf-8"?><testsuites name="pytest tests"><testsuite name="pytest" errors="0" failures="0" skipped="0" tests="17" time="7.134" timestamp="2026-04-11T02:38:21.302192+00:00" hostname="agent-env-58ff9a95-de9d-43a1-b856-2ee4ddc56e2b"><testcase classname="tests.test_security_features.TestSecurityHeaders" name="test_security_headers_present" time="0.326" /><testcase classname="tests.test_security_features.TestAdminLogin" name="test_admin_login_success" time="0.390" /><testcase classname="tests.test_security_features.TestAdminLogin" name="test_admin_login_invalid_credentials" time="0.365" /><testcase classname="tests.test_security_features.TestConfirmPassword" name="test_confirm_password_success" time="0.660" /><testcase classname="tests.test_security_features.TestConfirmPassword" name="test_confirm_password_wrong_password" time="0.642" /><testcase classname="tests.test_security_features.TestConfirmPassword" name="test_confirm_password_unauthenticated" time="0.133" /><testcase classname="tests.test_security_features.TestDeleteWithoutConfirmToken" name="test_delete_usuario_without_token_returns_403" time="0.397" /><testcase classname="tests.test_security_features.TestDeleteWithoutConfirmToken" name="test_delete_cliente_without_token_returns_403" time="0.382" /><testcase classname="tests.test_security_features.TestDeleteWithoutConfirmToken" name="test_delete_plano_without_token_returns_403" time="0.429" /><testcase classname="tests.test_security_features.TestDeleteWithoutConfirmToken" name="test_delete_oferta_without_token_returns_403" time="0.391" /><testcase classname="tests.test_security_features.TestDeleteWithoutConfirmToken" name="test_delete_chip_without_token_returns_403" time="0.383" /><testcase classname="tests.test_security_features.TestDeleteWithConfirmToken" name="test_delete_usuario_with_token_passes_auth" time="0.652" /><testcase classname="tests.test_security_features.TestDeleteWithConfirmToken" name="test_delete_cliente_with_token_passes_auth" time="0.713" /><testcase classname="tests.test_security_features.TestRepairStatus" name="test_repair_status_endpoint" time="0.461" /><testcase classname="tests.test_security_features.TestPortalLogin" name="test_portal_login_success" time="0.142" /><testcase classname="tests.test_security_features.TestPortalLogin" name="test_portal_login_invalid_cpf" time="0.125" /><testcase classname="tests.test_security_features.TestProgressiveLockout" name="test_lockout_info_in_error" time="0.357" /></testsuite></testsuites>