<?xml version="1.0" encoding="utf-8"?><testsuites name="pytest tests"><testsuite name="pytest" errors="1" failures="0" skipped="0" tests="17" time="8.978" timestamp="2026-04-19T16:46:50.847202+00:00" hostname="agent-env-58ff9a95-de9d-43a1-b856-2ee4ddc56e2b"><testcase classname="backend.tests.test_operacional_iteration25.TestOperacionalModule" name="test_planilha_consolidada_returns_linhas_and_resumo" time="0.500" /><testcase classname="backend.tests.test_operacional_iteration25.TestOperacionalModule" name="test_planilha_linha_has_required_fields" time="0.455" /><testcase classname="backend.tests.test_operacional_iteration25.TestOperacionalModule" name="test_planilha_search_accent_insensitive" time="0.509" /><testcase classname="backend.tests.test_operacional_iteration25.TestOperacionalModule" name="test_planilha_filter_by_status" time="0.525" /><testcase classname="backend.tests.test_operacional_iteration25.TestOperacionalModule" name="test_planilha_filter_by_canal" time="0.460" /><testcase classname="backend.tests.test_operacional_iteration25.TestOperacionalModule" name="test_export_excel_returns_xlsx" time="0.753" /><testcase classname="backend.tests.test_operacional_iteration25.TestOperacionalModule" name="test_patch_linha_observacoes" time="0.511" /><testcase classname="backend.tests.test_operacional_iteration25.TestOperacionalModule" name="test_patch_linha_proxima_recarga" time="0.569" /><testcase classname="backend.tests.test_operacional_iteration25.TestOperacionalModule" name="test_patch_linha_status_chip" time="0.528" /><testcase classname="backend.tests.test_operacional_iteration25.TestOfertasWithCusto" name="test_get_ofertas_returns_custo" time="0.430" /><testcase classname="backend.tests.test_operacional_iteration25.TestOfertasWithCusto" name="test_create_oferta_with_custo" time="0.856" /><testcase classname="backend.tests.test_operacional_iteration25.TestClientesWithCanalObservacoes" name="test_get_clientes_returns_canal_observacoes" time="0.491" /><testcase classname="backend.tests.test_operacional_iteration25.TestClientesWithCanalObservacoes" name="test_create_cliente_with_canal_observacoes" time="0.782" /><testcase classname="backend.tests.test_operacional_iteration25.TestExistingFunctionality" name="test_login_still_works" time="0.435" /><testcase classname="backend.tests.test_operacional_iteration25.TestExistingFunctionality" name="test_list_clientes_still_works" time="0.432" /><testcase classname="backend.tests.test_operacional_iteration25.TestExistingFunctionality" name="test_list_cobrancas_still_works" time="0.476" /><testcase classname="backend.tests.test_operacional_iteration25.TestExistingFunctionality" name="test_dashboard_stats_still_works" time="0.148"><error message="failed on setup with &quot;assert 429 == 200&#10; +  where 429 = &lt;Response [429]&gt;.status_code&quot;">backend/tests/test_operacional_iteration25.py:374: in setup
    assert login_resp.status_code == 200
E   assert 429 == 200
E    +  where 429 = &lt;Response [429]&gt;.status_code</error></testcase></testsuite></testsuites>